{"timestamp": "2025-10-22T00:53:07.462378", "level": "INFO", "logger": "root", "message": "Heimdal monitoring system starting up", "module": "manager", "function": "info", "line": 313}
{"timestamp": "2025-10-22T00:53:07.464232", "level": "INFO", "logger": "heimdal.baseline.manager", "message": "Loaded 1 device baselines", "module": "manager", "function": "load_baselines", "line": 120}
{"timestamp": "2025-10-22T00:53:07.465561", "level": "INFO", "logger": "heimdal.communication.asgard_communicator", "message": "Started enhanced offline queue worker thread", "module": "asgard_communicator", "function": "_start_enhanced_queue_worker", "line": 258}
{"timestamp": "2025-10-22T00:53:07.465855", "level": "INFO", "logger": "heimdal.capture.engine", "message": "Interface fallback list: ['eth0']", "module": "engine", "function": "_setup_interface_fallbacks", "line": 182}
{"timestamp": "2025-10-22T00:53:07.466542", "level": "WARNING", "logger": "heimdal.capture.engine", "message": "Interface eth0 has no IP addresses", "module": "engine", "function": "_validate_interface", "line": 155}
{"timestamp": "2025-10-22T00:53:07.466627", "level": "ERROR", "logger": "heimdal.capture.engine", "message": "Interface eth0 is not valid for packet capture", "module": "engine", "function": "_attempt_capture_start", "line": 292}
{"timestamp": "2025-10-22T00:53:07.466710", "level": "ERROR", "logger": "heimdal.capture.engine", "message": "No more fallback interfaces available", "module": "engine", "function": "_try_fallback_interface", "line": 371}
{"timestamp": "2025-10-22T00:53:07.466755", "level": "ERROR", "logger": "root", "message": "Failed to initialize components: Failed to start packet capture", "module": "manager", "function": "error", "line": 323}
{"timestamp": "2025-10-22T00:53:07.466793", "level": "INFO", "logger": "root", "message": "Shutting down Heimdal monitoring system", "module": "manager", "function": "info", "line": 313}
{"timestamp": "2025-10-22T00:53:07.466830", "level": "WARNING", "logger": "heimdal.capture.engine", "message": "Packet capture is not running", "module": "engine", "function": "stop_capture", "line": 385}
{"timestamp": "2025-10-22T00:53:07.466867", "level": "INFO", "logger": "root", "message": "Heimdal monitoring system stopped", "module": "manager", "function": "info", "line": 313}
{"timestamp": "2025-10-22T00:53:47.297917", "level": "INFO", "logger": "root", "message": "Heimdal monitoring system starting up", "module": "manager", "function": "info", "line": 313}
{"timestamp": "2025-10-22T00:53:47.298324", "level": "INFO", "logger": "heimdal.baseline.manager", "message": "Loaded 1 device baselines", "module": "manager", "function": "load_baselines", "line": 120}
{"timestamp": "2025-10-22T00:53:47.298966", "level": "INFO", "logger": "heimdal.communication.asgard_communicator", "message": "Started enhanced offline queue worker thread", "module": "asgard_communicator", "function": "_start_enhanced_queue_worker", "line": 258}
{"timestamp": "2025-10-22T00:53:47.299212", "level": "INFO", "logger": "heimdal.capture.engine", "message": "Interface fallback list: ['lo']", "module": "engine", "function": "_setup_interface_fallbacks", "line": 182}
{"timestamp": "2025-10-22T00:53:47.299669", "level": "WARNING", "logger": "heimdal.capture.engine", "message": "Interface lo has no IP addresses", "module": "engine", "function": "_validate_interface", "line": 155}
{"timestamp": "2025-10-22T00:53:47.299714", "level": "ERROR", "logger": "heimdal.capture.engine", "message": "Interface lo is not valid for packet capture", "module": "engine", "function": "_attempt_capture_start", "line": 292}
{"timestamp": "2025-10-22T00:53:47.299751", "level": "ERROR", "logger": "heimdal.capture.engine", "message": "No more fallback interfaces available", "module": "engine", "function": "_try_fallback_interface", "line": 371}
{"timestamp": "2025-10-22T00:53:47.299789", "level": "ERROR", "logger": "root", "message": "Failed to initialize components: Failed to start packet capture", "module": "manager", "function": "error", "line": 323}
{"timestamp": "2025-10-22T00:53:47.299823", "level": "INFO", "logger": "root", "message": "Shutting down Heimdal monitoring system", "module": "manager", "function": "info", "line": 313}
{"timestamp": "2025-10-22T00:53:47.299863", "level": "WARNING", "logger": "heimdal.capture.engine", "message": "Packet capture is not running", "module": "engine", "function": "stop_capture", "line": 385}
{"timestamp": "2025-10-22T00:53:47.299896", "level": "INFO", "logger": "root", "message": "Heimdal monitoring system stopped", "module": "manager", "function": "info", "line": 313}
{"timestamp": "2025-10-22T00:54:58.851132", "level": "INFO", "logger": "root", "message": "Heimdal monitoring system starting up", "module": "manager", "function": "info", "line": 313}
{"timestamp": "2025-10-22T00:54:58.851394", "level": "INFO", "logger": "heimdal.baseline.manager", "message": "Loaded 1 device baselines", "module": "manager", "function": "load_baselines", "line": 120}
{"timestamp": "2025-10-22T00:54:58.851856", "level": "INFO", "logger": "heimdal.communication.asgard_communicator", "message": "Started enhanced offline queue worker thread", "module": "asgard_communicator", "function": "_start_enhanced_queue_worker", "line": 258}
{"timestamp": "2025-10-22T00:54:58.852680", "level": "INFO", "logger": "heimdal.capture.engine", "message": "Interface fallback list: ['lo']", "module": "engine", "function": "_setup_interface_fallbacks", "line": 182}
{"timestamp": "2025-10-22T00:54:58.958714", "level": "WARNING", "logger": "heimdal.capture.engine", "message": "Packet capture ended unexpectedly, attempting recovery", "module": "engine", "function": "_run_capture_with_recovery", "line": 548}
{"timestamp": "2025-10-22T00:54:58.958791", "level": "INFO", "logger": "heimdal.capture.engine", "message": "Started packet capture on interface lo", "module": "engine", "function": "_attempt_capture_start", "line": 321}
{"timestamp": "2025-10-22T00:54:58.958922", "level": "INFO", "logger": "heimdal.capture.engine", "message": "Attempting automatic recovery (attempt 1/5)", "module": "engine", "function": "_handle_capture_failure", "line": 592}
{"timestamp": "2025-10-22T00:54:58.959048", "level": "INFO", "logger": "root", "message": "Starting main monitoring loop", "module": "manager", "function": "info", "line": 313}
{"timestamp": "2025-10-22T00:54:58.959189", "level": "WARNING", "logger": "root", "message": "Packet capture errors detected: 1", "module": "manager", "function": "warning", "line": 318}
{"timestamp": "2025-10-22T00:54:58.959245", "level": "INFO", "logger": "heimdal.communication.asgard_communicator", "message": "Registering sensor c7b982a1-5d3f-4638-8b9f-34424323fcd5 with Asgard", "module": "asgard_communicator", "function": "register_sensor", "line": 572}
{"timestamp": "2025-10-22T00:54:58.959353", "level": "WARNING", "logger": "root", "message": "Asgard connection state: disconnected", "module": "manager", "function": "warning", "line": 318}
{"timestamp": "2025-10-22T00:54:58.978413", "level": "WARNING", "logger": "heimdal.communication.asgard_communicator", "message": "Connection error for POST /api/v1/sensors/register: HTTPSConnectionPool(host='api.asgard.test', port=443): Max retries exceeded with url: /api/v1/sensors/register (Caused by NameResolutionError(\"<urllib3.connection.HTTPSConnection object at 0x10d597110>: Failed to resolve 'api.asgard.test' ([Errno 8] nodename nor servname provided, or not known)\"))", "module": "asgard_communicator", "function": "_make_enhanced_request", "line": 468}
{"timestamp": "2025-10-22T00:55:00.060929", "level": "WARNING", "logger": "heimdal.communication.asgard_communicator", "message": "Connection error for POST /api/v1/sensors/register: HTTPSConnectionPool(host='api.asgard.test', port=443): Max retries exceeded with url: /api/v1/sensors/register (Caused by NameResolutionError(\"<urllib3.connection.HTTPSConnection object at 0x10d5979b0>: Failed to resolve 'api.asgard.test' ([Errno 8] nodename nor servname provided, or not known)\"))", "module": "asgard_communicator", "function": "_make_enhanced_request", "line": 468}
{"timestamp": "2025-10-22T00:55:02.067900", "level": "WARNING", "logger": "heimdal.communication.asgard_communicator", "message": "Connection error for POST /api/v1/sensors/register: HTTPSConnectionPool(host='api.asgard.test', port=443): Max retries exceeded with url: /api/v1/sensors/register (Caused by NameResolutionError(\"<urllib3.connection.HTTPSConnection object at 0x10d597ce0>: Failed to resolve 'api.asgard.test' ([Errno 8] nodename nor servname provided, or not known)\"))", "module": "asgard_communicator", "function": "_make_enhanced_request", "line": 468}
{"timestamp": "2025-10-22T00:55:03.962826", "level": "INFO", "logger": "heimdal.capture.engine", "message": "Attempting recovery with original interface: lo", "module": "engine", "function": "_handle_capture_failure", "line": 604}
{"timestamp": "2025-10-22T00:55:03.963770", "level": "INFO", "logger": "heimdal.capture.engine", "message": "Successfully recreated sniffer for interface lo", "module": "engine", "function": "_recreate_sniffer", "line": 654}
{"timestamp": "2025-10-22T00:55:04.964583", "level": "WARNING", "logger": "heimdal.capture.engine", "message": "Packet capture ended unexpectedly, attempting recovery", "module": "engine", "function": "_run_capture_with_recovery", "line": 548}
{"timestamp": "2025-10-22T00:55:04.964880", "level": "INFO", "logger": "heimdal.capture.engine", "message": "Attempting automatic recovery (attempt 1/5)", "module": "engine", "function": "_handle_capture_failure", "line": 592}
{"timestamp": "2025-10-22T00:55:06.367456", "level": "WARNING", "logger": "heimdal.communication.asgard_communicator", "message": "Connection error for POST /api/v1/sensors/register: HTTPSConnectionPool(host='api.asgard.test', port=443): Max retries exceeded with url: /api/v1/sensors/register (Caused by NameResolutionError(\"<urllib3.connection.HTTPSConnection object at 0x10d597650>: Failed to resolve 'api.asgard.test' ([Errno 8] nodename nor servname provided, or not known)\"))", "module": "asgard_communicator", "function": "_make_enhanced_request", "line": 468}
{"timestamp": "2025-10-22T00:55:06.367788", "level": "WARNING", "logger": "heimdal.communication.asgard_communicator", "message": "Registration attempt 1 failed, retrying in 5.37s", "module": "asgard_communicator", "function": "register_sensor", "line": 594}
{"timestamp": "2025-10-22T00:55:09.969474", "level": "INFO", "logger": "heimdal.capture.engine", "message": "Attempting recovery with original interface: lo", "module": "engine", "function": "_handle_capture_failure", "line": 604}
{"timestamp": "2025-10-22T00:55:09.970336", "level": "INFO", "logger": "heimdal.capture.engine", "message": "Successfully recreated sniffer for interface lo", "module": "engine", "function": "_recreate_sniffer", "line": 654}
{"timestamp": "2025-10-22T00:55:10.975533", "level": "WARNING", "logger": "heimdal.capture.engine", "message": "Packet capture ended unexpectedly, attempting recovery", "module": "engine", "function": "_run_capture_with_recovery", "line": 548}
{"timestamp": "2025-10-22T00:55:10.975733", "level": "INFO", "logger": "heimdal.capture.engine", "message": "Attempting automatic recovery (attempt 1/5)", "module": "engine", "function": "_handle_capture_failure", "line": 592}
{"timestamp": "2025-10-22T00:55:11.745038", "level": "WARNING", "logger": "heimdal.communication.asgard_communicator", "message": "Connection error for POST /api/v1/sensors/register: HTTPSConnectionPool(host='api.asgard.test', port=443): Max retries exceeded with url: /api/v1/sensors/register (Caused by NameResolutionError(\"<urllib3.connection.HTTPSConnection object at 0x10d597110>: Failed to resolve 'api.asgard.test' ([Errno 8] nodename nor servname provided, or not known)\"))", "module": "asgard_communicator", "function": "_make_enhanced_request", "line": 468}
{"timestamp": "2025-10-22T00:55:12.791843", "level": "WARNING", "logger": "heimdal.communication.asgard_communicator", "message": "Connection error for POST /api/v1/sensors/register: HTTPSConnectionPool(host='api.asgard.test', port=443): Max retries exceeded with url: /api/v1/sensors/register (Caused by NameResolutionError(\"<urllib3.connection.HTTPSConnection object at 0x10d5c01d0>: Failed to resolve 'api.asgard.test' ([Errno 8] nodename nor servname provided, or not known)\"))", "module": "asgard_communicator", "function": "_make_enhanced_request", "line": 468}
{"timestamp": "2025-10-22T00:55:14.981999", "level": "WARNING", "logger": "heimdal.communication.asgard_communicator", "message": "Connection error for POST /api/v1/sensors/register: HTTPSConnectionPool(host='api.asgard.test', port=443): Max retries exceeded with url: /api/v1/sensors/register (Caused by NameResolutionError(\"<urllib3.connection.HTTPSConnection object at 0x10d5c04d0>: Failed to resolve 'api.asgard.test' ([Errno 8] nodename nor servname provided, or not known)\"))", "module": "asgard_communicator", "function": "_make_enhanced_request", "line": 468}
{"timestamp": "2025-10-22T00:55:15.977641", "level": "INFO", "logger": "heimdal.capture.engine", "message": "Attempting recovery with original interface: lo", "module": "engine", "function": "_handle_capture_failure", "line": 604}
{"timestamp": "2025-10-22T00:55:15.979179", "level": "INFO", "logger": "heimdal.capture.engine", "message": "Successfully recreated sniffer for interface lo", "module": "engine", "function": "_recreate_sniffer", "line": 654}
{"timestamp": "2025-10-22T00:55:16.983379", "level": "WARNING", "logger": "heimdal.capture.engine", "message": "Packet capture ended unexpectedly, attempting recovery", "module": "engine", "function": "_run_capture_with_recovery", "line": 548}
{"timestamp": "2025-10-22T00:55:16.983607", "level": "INFO", "logger": "heimdal.capture.engine", "message": "Attempting automatic recovery (attempt 1/5)", "module": "engine", "function": "_handle_capture_failure", "line": 592}
{"timestamp": "2025-10-22T00:55:19.198118", "level": "WARNING", "logger": "heimdal.communication.asgard_communicator", "message": "Connection error for POST /api/v1/sensors/register: HTTPSConnectionPool(host='api.asgard.test', port=443): Max retries exceeded with url: /api/v1/sensors/register (Caused by NameResolutionError(\"<urllib3.connection.HTTPSConnection object at 0x10d5c0ad0>: Failed to resolve 'api.asgard.test' ([Errno 8] nodename nor servname provided, or not known)\"))", "module": "asgard_communicator", "function": "_make_enhanced_request", "line": 468}
{"timestamp": "2025-10-22T00:55:19.198323", "level": "WARNING", "logger": "heimdal.communication.asgard_communicator", "message": "Registration attempt 2 failed, retrying in 10.08s", "module": "asgard_communicator", "function": "register_sensor", "line": 594}
{"timestamp": "2025-10-22T00:55:21.985863", "level": "INFO", "logger": "heimdal.capture.engine", "message": "Attempting recovery with original interface: lo", "module": "engine", "function": "_handle_capture_failure", "line": 604}
{"timestamp": "2025-10-22T00:55:21.986592", "level": "INFO", "logger": "heimdal.capture.engine", "message": "Successfully recreated sniffer for interface lo", "module": "engine", "function": "_recreate_sniffer", "line": 654}
{"timestamp": "2025-10-22T00:55:22.987444", "level": "WARNING", "logger": "heimdal.capture.engine", "message": "Packet capture ended unexpectedly, attempting recovery", "module": "engine", "function": "_run_capture_with_recovery", "line": 548}
{"timestamp": "2025-10-22T00:55:22.987634", "level": "INFO", "logger": "heimdal.capture.engine", "message": "Attempting automatic recovery (attempt 1/5)", "module": "engine", "function": "_handle_capture_failure", "line": 592}
{"timestamp": "2025-10-22T00:55:27.989842", "level": "INFO", "logger": "heimdal.capture.engine", "message": "Attempting recovery with original interface: lo", "module": "engine", "function": "_handle_capture_failure", "line": 604}
{"timestamp": "2025-10-22T00:55:27.991508", "level": "INFO", "logger": "heimdal.capture.engine", "message": "Successfully recreated sniffer for interface lo", "module": "engine", "function": "_recreate_sniffer", "line": 654}
{"timestamp": "2025-10-22T00:55:28.996824", "level": "WARNING", "logger": "heimdal.capture.engine", "message": "Packet capture ended unexpectedly, attempting recovery", "module": "engine", "function": "_run_capture_with_recovery", "line": 548}
{"timestamp": "2025-10-22T00:55:28.997063", "level": "INFO", "logger": "heimdal.capture.engine", "message": "Attempting automatic recovery (attempt 1/5)", "module": "engine", "function": "_handle_capture_failure", "line": 592}
{"timestamp": "2025-10-22T00:55:29.290944", "level": "WARNING", "logger": "heimdal.communication.asgard_communicator", "message": "Connection error for POST /api/v1/sensors/register: HTTPSConnectionPool(host='api.asgard.test', port=443): Max retries exceeded with url: /api/v1/sensors/register (Caused by NameResolutionError(\"<urllib3.connection.HTTPSConnection object at 0x10d5c0fb0>: Failed to resolve 'api.asgard.test' ([Errno 8] nodename nor servname provided, or not known)\"))", "module": "asgard_communicator", "function": "_make_enhanced_request", "line": 468}
{"timestamp": "2025-10-22T00:55:30.328203", "level": "WARNING", "logger": "heimdal.communication.asgard_communicator", "message": "Connection error for POST /api/v1/sensors/register: HTTPSConnectionPool(host='api.asgard.test', port=443): Max retries exceeded with url: /api/v1/sensors/register (Caused by NameResolutionError(\"<urllib3.connection.HTTPSConnection object at 0x10d5c13d0>: Failed to resolve 'api.asgard.test' ([Errno 8] nodename nor servname provided, or not known)\"))", "module": "asgard_communicator", "function": "_make_enhanced_request", "line": 468}
{"timestamp": "2025-10-22T00:55:32.360134", "level": "WARNING", "logger": "heimdal.communication.asgard_communicator", "message": "Connection error for POST /api/v1/sensors/register: HTTPSConnectionPool(host='api.asgard.test', port=443): Max retries exceeded with url: /api/v1/sensors/register (Caused by NameResolutionError(\"<urllib3.connection.HTTPSConnection object at 0x10d5978f0>: Failed to resolve 'api.asgard.test' ([Errno 8] nodename nor servname provided, or not known)\"))", "module": "asgard_communicator", "function": "_make_enhanced_request", "line": 468}
{"timestamp": "2025-10-22T00:55:34.109453", "level": "INFO", "logger": "heimdal.capture.engine", "message": "Attempting recovery with original interface: lo", "module": "engine", "function": "_handle_capture_failure", "line": 604}
{"timestamp": "2025-10-22T00:55:34.110738", "level": "INFO", "logger": "heimdal.capture.engine", "message": "Successfully recreated sniffer for interface lo", "module": "engine", "function": "_recreate_sniffer", "line": 654}
{"timestamp": "2025-10-22T00:55:35.111285", "level": "WARNING", "logger": "heimdal.capture.engine", "message": "Packet capture ended unexpectedly, attempting recovery", "module": "engine", "function": "_run_capture_with_recovery", "line": 548}
{"timestamp": "2025-10-22T00:55:35.111515", "level": "INFO", "logger": "heimdal.capture.engine", "message": "Attempting automatic recovery (attempt 1/5)", "module": "engine", "function": "_handle_capture_failure", "line": 592}
{"timestamp": "2025-10-22T00:55:36.545131", "level": "WARNING", "logger": "heimdal.communication.asgard_communicator", "message": "Connection error for POST /api/v1/sensors/register: HTTPSConnectionPool(host='api.asgard.test', port=443): Max retries exceeded with url: /api/v1/sensors/register (Caused by NameResolutionError(\"<urllib3.connection.HTTPSConnection object at 0x10d5c1520>: Failed to resolve 'api.asgard.test' ([Errno 8] nodename nor servname provided, or not known)\"))", "module": "asgard_communicator", "function": "_make_enhanced_request", "line": 468}
{"timestamp": "2025-10-22T00:55:36.545385", "level": "WARNING", "logger": "heimdal.communication.asgard_communicator", "message": "Registration attempt 3 failed, retrying in 21.71s", "module": "asgard_communicator", "function": "register_sensor", "line": 594}
{"timestamp": "2025-10-22T00:55:40.117459", "level": "INFO", "logger": "heimdal.capture.engine", "message": "Attempting recovery with original interface: lo", "module": "engine", "function": "_handle_capture_failure", "line": 604}
{"timestamp": "2025-10-22T00:55:40.118223", "level": "INFO", "logger": "heimdal.capture.engine", "message": "Successfully recreated sniffer for interface lo", "module": "engine", "function": "_recreate_sniffer", "line": 654}
{"timestamp": "2025-10-22T00:55:41.123399", "level": "WARNING", "logger": "heimdal.capture.engine", "message": "Packet capture ended unexpectedly, attempting recovery", "module": "engine", "function": "_run_capture_with_recovery", "line": 548}
{"timestamp": "2025-10-22T00:55:41.123571", "level": "INFO", "logger": "heimdal.capture.engine", "message": "Attempting automatic recovery (attempt 1/5)", "module": "engine", "function": "_handle_capture_failure", "line": 592}
{"timestamp": "2025-10-22T00:55:46.129503", "level": "INFO", "logger": "heimdal.capture.engine", "message": "Attempting recovery with original interface: lo", "module": "engine", "function": "_handle_capture_failure", "line": 604}
{"timestamp": "2025-10-22T00:55:46.130392", "level": "INFO", "logger": "heimdal.capture.engine", "message": "Successfully recreated sniffer for interface lo", "module": "engine", "function": "_recreate_sniffer", "line": 654}
{"timestamp": "2025-10-22T00:55:47.135560", "level": "WARNING", "logger": "heimdal.capture.engine", "message": "Packet capture ended unexpectedly, attempting recovery", "module": "engine", "function": "_run_capture_with_recovery", "line": 548}
{"timestamp": "2025-10-22T00:55:47.135768", "level": "INFO", "logger": "heimdal.capture.engine", "message": "Attempting automatic recovery (attempt 1/5)", "module": "engine", "function": "_handle_capture_failure", "line": 592}
{"timestamp": "2025-10-22T00:55:52.146285", "level": "INFO", "logger": "heimdal.capture.engine", "message": "Attempting recovery with original interface: lo", "module": "engine", "function": "_handle_capture_failure", "line": 604}
{"timestamp": "2025-10-22T00:55:52.147773", "level": "INFO", "logger": "heimdal.capture.engine", "message": "Successfully recreated sniffer for interface lo", "module": "engine", "function": "_recreate_sniffer", "line": 654}
{"timestamp": "2025-10-22T00:55:53.151480", "level": "WARNING", "logger": "heimdal.capture.engine", "message": "Packet capture ended unexpectedly, attempting recovery", "module": "engine", "function": "_run_capture_with_recovery", "line": 548}
{"timestamp": "2025-10-22T00:55:53.151801", "level": "INFO", "logger": "heimdal.capture.engine", "message": "Attempting automatic recovery (attempt 1/5)", "module": "engine", "function": "_handle_capture_failure", "line": 592}
{"timestamp": "2025-10-22T00:55:58.156536", "level": "INFO", "logger": "heimdal.capture.engine", "message": "Attempting recovery with original interface: lo", "module": "engine", "function": "_handle_capture_failure", "line": 604}
{"timestamp": "2025-10-22T00:55:58.158094", "level": "INFO", "logger": "heimdal.capture.engine", "message": "Successfully recreated sniffer for interface lo", "module": "engine", "function": "_recreate_sniffer", "line": 654}
{"timestamp": "2025-10-22T00:55:58.260816", "level": "WARNING", "logger": "heimdal.communication.asgard_communicator", "message": "Connection error for POST /api/v1/sensors/register: HTTPSConnectionPool(host='api.asgard.test', port=443): Max retries exceeded with url: /api/v1/sensors/register (Caused by NameResolutionError(\"<urllib3.connection.HTTPSConnection object at 0x10d5c0f80>: Failed to resolve 'api.asgard.test' ([Errno 8] nodename nor servname provided, or not known)\"))", "module": "asgard_communicator", "function": "_make_enhanced_request", "line": 468}
{"timestamp": "2025-10-22T00:55:58.965768", "level": "WARNING", "logger": "root", "message": "Packet capture errors detected: 10", "module": "manager", "function": "warning", "line": 318}
{"timestamp": "2025-10-22T00:55:58.966171", "level": "WARNING", "logger": "root", "message": "Asgard connection state: error", "module": "manager", "function": "warning", "line": 318}
{"timestamp": "2025-10-22T00:55:59.162917", "level": "WARNING", "logger": "heimdal.capture.engine", "message": "Packet capture ended unexpectedly, attempting recovery", "module": "engine", "function": "_run_capture_with_recovery", "line": 548}
{"timestamp": "2025-10-22T00:55:59.163287", "level": "INFO", "logger": "heimdal.capture.engine", "message": "Attempting automatic recovery (attempt 1/5)", "module": "engine", "function": "_handle_capture_failure", "line": 592}
{"timestamp": "2025-10-22T00:55:59.268898", "level": "WARNING", "logger": "heimdal.communication.asgard_communicator", "message": "Connection error for POST /api/v1/sensors/register: HTTPSConnectionPool(host='api.asgard.test', port=443): Max retries exceeded with url: /api/v1/sensors/register (Caused by NameResolutionError(\"<urllib3.connection.HTTPSConnection object at 0x10d5c04d0>: Failed to resolve 'api.asgard.test' ([Errno 8] nodename nor servname provided, or not known)\"))", "module": "asgard_communicator", "function": "_make_enhanced_request", "line": 468}
{"timestamp": "2025-10-22T00:56:01.412009", "level": "WARNING", "logger": "heimdal.communication.asgard_communicator", "message": "Connection error for POST /api/v1/sensors/register: HTTPSConnectionPool(host='api.asgard.test', port=443): Max retries exceeded with url: /api/v1/sensors/register (Caused by NameResolutionError(\"<urllib3.connection.HTTPSConnection object at 0x10d5c0050>: Failed to resolve 'api.asgard.test' ([Errno 8] nodename nor servname provided, or not known)\"))", "module": "asgard_communicator", "function": "_make_enhanced_request", "line": 468}
{"timestamp": "2025-10-22T00:56:04.275214", "level": "INFO", "logger": "heimdal.capture.engine", "message": "Attempting recovery with original interface: lo", "module": "engine", "function": "_handle_capture_failure", "line": 604}
{"timestamp": "2025-10-22T00:56:04.276095", "level": "INFO", "logger": "heimdal.capture.engine", "message": "Successfully recreated sniffer for interface lo", "module": "engine", "function": "_recreate_sniffer", "line": 654}
{"timestamp": "2025-10-22T00:56:05.277295", "level": "WARNING", "logger": "heimdal.capture.engine", "message": "Packet capture ended unexpectedly, attempting recovery", "module": "engine", "function": "_run_capture_with_recovery", "line": 548}
{"timestamp": "2025-10-22T00:56:05.277769", "level": "INFO", "logger": "heimdal.capture.engine", "message": "Attempting automatic recovery (attempt 1/5)", "module": "engine", "function": "_handle_capture_failure", "line": 592}
{"timestamp": "2025-10-22T00:56:05.731180", "level": "WARNING", "logger": "heimdal.communication.asgard_communicator", "message": "Connection error for POST /api/v1/sensors/register: HTTPSConnectionPool(host='api.asgard.test', port=443): Max retries exceeded with url: /api/v1/sensors/register (Caused by NameResolutionError(\"<urllib3.connection.HTTPSConnection object at 0x10d5c1970>: Failed to resolve 'api.asgard.test' ([Errno 8] nodename nor servname provided, or not known)\"))", "module": "asgard_communicator", "function": "_make_enhanced_request", "line": 468}
{"timestamp": "2025-10-22T00:56:05.731457", "level": "WARNING", "logger": "heimdal.communication.asgard_communicator", "message": "Registration attempt 4 failed, retrying in 42.23s", "module": "asgard_communicator", "function": "register_sensor", "line": 594}
{"timestamp": "2025-10-22T00:56:10.279225", "level": "INFO", "logger": "heimdal.capture.engine", "message": "Attempting recovery with original interface: lo", "module": "engine", "function": "_handle_capture_failure", "line": 604}
{"timestamp": "2025-10-22T00:56:10.280443", "level": "INFO", "logger": "heimdal.capture.engine", "message": "Successfully recreated sniffer for interface lo", "module": "engine", "function": "_recreate_sniffer", "line": 654}
{"timestamp": "2025-10-22T00:56:11.281251", "level": "WARNING", "logger": "heimdal.capture.engine", "message": "Packet capture ended unexpectedly, attempting recovery", "module": "engine", "function": "_run_capture_with_recovery", "line": 548}
{"timestamp": "2025-10-22T00:56:11.281804", "level": "INFO", "logger": "heimdal.capture.engine", "message": "Attempting automatic recovery (attempt 1/5)", "module": "engine", "function": "_handle_capture_failure", "line": 592}
{"timestamp": "2025-10-22T00:56:16.284133", "level": "INFO", "logger": "heimdal.capture.engine", "message": "Attempting recovery with original interface: lo", "module": "engine", "function": "_handle_capture_failure", "line": 604}
{"timestamp": "2025-10-22T00:56:16.286075", "level": "INFO", "logger": "heimdal.capture.engine", "message": "Successfully recreated sniffer for interface lo", "module": "engine", "function": "_recreate_sniffer", "line": 654}
{"timestamp": "2025-10-22T00:56:17.286784", "level": "WARNING", "logger": "heimdal.capture.engine", "message": "Packet capture ended unexpectedly, attempting recovery", "module": "engine", "function": "_run_capture_with_recovery", "line": 548}
{"timestamp": "2025-10-22T00:56:17.287054", "level": "INFO", "logger": "heimdal.capture.engine", "message": "Attempting automatic recovery (attempt 1/5)", "module": "engine", "function": "_handle_capture_failure", "line": 592}
{"timestamp": "2025-10-22T00:56:22.288748", "level": "INFO", "logger": "heimdal.capture.engine", "message": "Attempting recovery with original interface: lo", "module": "engine", "function": "_handle_capture_failure", "line": 604}
{"timestamp": "2025-10-22T00:56:22.290112", "level": "INFO", "logger": "heimdal.capture.engine", "message": "Successfully recreated sniffer for interface lo", "module": "engine", "function": "_recreate_sniffer", "line": 654}
{"timestamp": "2025-10-22T00:56:23.294113", "level": "WARNING", "logger": "heimdal.capture.engine", "message": "Packet capture ended unexpectedly, attempting recovery", "module": "engine", "function": "_run_capture_with_recovery", "line": 548}
{"timestamp": "2025-10-22T00:56:23.294370", "level": "INFO", "logger": "heimdal.capture.engine", "message": "Attempting automatic recovery (attempt 1/5)", "module": "engine", "function": "_handle_capture_failure", "line": 592}
{"timestamp": "2025-10-22T00:56:28.304295", "level": "INFO", "logger": "heimdal.capture.engine", "message": "Attempting recovery with original interface: lo", "module": "engine", "function": "_handle_capture_failure", "line": 604}
{"timestamp": "2025-10-22T00:56:28.305720", "level": "INFO", "logger": "heimdal.capture.engine", "message": "Successfully recreated sniffer for interface lo", "module": "engine", "function": "_recreate_sniffer", "line": 654}
{"timestamp": "2025-10-22T00:56:29.310783", "level": "WARNING", "logger": "heimdal.capture.engine", "message": "Packet capture ended unexpectedly, attempting recovery", "module": "engine", "function": "_run_capture_with_recovery", "line": 548}
{"timestamp": "2025-10-22T00:56:29.310972", "level": "INFO", "logger": "heimdal.capture.engine", "message": "Attempting automatic recovery (attempt 1/5)", "module": "engine", "function": "_handle_capture_failure", "line": 592}
{"timestamp": "2025-10-22T00:56:34.418401", "level": "INFO", "logger": "heimdal.capture.engine", "message": "Attempting recovery with original interface: lo", "module": "engine", "function": "_handle_capture_failure", "line": 604}
{"timestamp": "2025-10-22T00:56:34.419607", "level": "INFO", "logger": "heimdal.capture.engine", "message": "Successfully recreated sniffer for interface lo", "module": "engine", "function": "_recreate_sniffer", "line": 654}
{"timestamp": "2025-10-22T00:56:35.427339", "level": "WARNING", "logger": "heimdal.capture.engine", "message": "Packet capture ended unexpectedly, attempting recovery", "module": "engine", "function": "_run_capture_with_recovery", "line": 548}
{"timestamp": "2025-10-22T00:56:35.427715", "level": "INFO", "logger": "heimdal.capture.engine", "message": "Attempting automatic recovery (attempt 1/5)", "module": "engine", "function": "_handle_capture_failure", "line": 592}
{"timestamp": "2025-10-22T00:56:40.437187", "level": "INFO", "logger": "heimdal.capture.engine", "message": "Attempting recovery with original interface: lo", "module": "engine", "function": "_handle_capture_failure", "line": 604}
{"timestamp": "2025-10-22T00:56:40.438610", "level": "INFO", "logger": "heimdal.capture.engine", "message": "Successfully recreated sniffer for interface lo", "module": "engine", "function": "_recreate_sniffer", "line": 654}
{"timestamp": "2025-10-22T00:56:41.441065", "level": "WARNING", "logger": "heimdal.capture.engine", "message": "Packet capture ended unexpectedly, attempting recovery", "module": "engine", "function": "_run_capture_with_recovery", "line": 548}
{"timestamp": "2025-10-22T00:56:41.441489", "level": "INFO", "logger": "heimdal.capture.engine", "message": "Attempting automatic recovery (attempt 1/5)", "module": "engine", "function": "_handle_capture_failure", "line": 592}
{"timestamp": "2025-10-22T00:56:46.447887", "level": "INFO", "logger": "heimdal.capture.engine", "message": "Attempting recovery with original interface: lo", "module": "engine", "function": "_handle_capture_failure", "line": 604}
{"timestamp": "2025-10-22T00:56:46.449026", "level": "INFO", "logger": "heimdal.capture.engine", "message": "Successfully recreated sniffer for interface lo", "module": "engine", "function": "_recreate_sniffer", "line": 654}
{"timestamp": "2025-10-22T00:56:47.452683", "level": "WARNING", "logger": "heimdal.capture.engine", "message": "Packet capture ended unexpectedly, attempting recovery", "module": "engine", "function": "_run_capture_with_recovery", "line": 548}
{"timestamp": "2025-10-22T00:56:47.452951", "level": "INFO", "logger": "heimdal.capture.engine", "message": "Attempting automatic recovery (attempt 1/5)", "module": "engine", "function": "_handle_capture_failure", "line": 592}
{"timestamp": "2025-10-22T00:56:47.979934", "level": "WARNING", "logger": "heimdal.communication.asgard_communicator", "message": "Connection error for POST /api/v1/sensors/register: HTTPSConnectionPool(host='api.asgard.test', port=443): Max retries exceeded with url: /api/v1/sensors/register (Caused by NameResolutionError(\"<urllib3.connection.HTTPSConnection object at 0x10d5c18b0>: Failed to resolve 'api.asgard.test' ([Errno 8] nodename nor servname provided, or not known)\"))", "module": "asgard_communicator", "function": "_make_enhanced_request", "line": 468}
{"timestamp": "2025-10-22T00:56:49.070531", "level": "WARNING", "logger": "heimdal.communication.asgard_communicator", "message": "Connection error for POST /api/v1/sensors/register: HTTPSConnectionPool(host='api.asgard.test', port=443): Max retries exceeded with url: /api/v1/sensors/register (Caused by NameResolutionError(\"<urllib3.connection.HTTPSConnection object at 0x10d5c0320>: Failed to resolve 'api.asgard.test' ([Errno 8] nodename nor servname provided, or not known)\"))", "module": "asgard_communicator", "function": "_make_enhanced_request", "line": 468}
{"timestamp": "2025-10-22T00:56:51.119244", "level": "WARNING", "logger": "heimdal.communication.asgard_communicator", "message": "Connection error for POST /api/v1/sensors/register: HTTPSConnectionPool(host='api.asgard.test', port=443): Max retries exceeded with url: /api/v1/sensors/register (Caused by NameResolutionError(\"<urllib3.connection.HTTPSConnection object at 0x10d5c09b0>: Failed to resolve 'api.asgard.test' ([Errno 8] nodename nor servname provided, or not known)\"))", "module": "asgard_communicator", "function": "_make_enhanced_request", "line": 468}
{"timestamp": "2025-10-22T00:56:52.459521", "level": "INFO", "logger": "heimdal.capture.engine", "message": "Attempting recovery with original interface: lo", "module": "engine", "function": "_handle_capture_failure", "line": 604}
{"timestamp": "2025-10-22T00:56:52.460513", "level": "INFO", "logger": "heimdal.capture.engine", "message": "Successfully recreated sniffer for interface lo", "module": "engine", "function": "_recreate_sniffer", "line": 654}
{"timestamp": "2025-10-22T00:56:53.461627", "level": "WARNING", "logger": "heimdal.capture.engine", "message": "Packet capture ended unexpectedly, attempting recovery", "module": "engine", "function": "_run_capture_with_recovery", "line": 548}
{"timestamp": "2025-10-22T00:56:53.462000", "level": "INFO", "logger": "heimdal.capture.engine", "message": "Attempting automatic recovery (attempt 1/5)", "module": "engine", "function": "_handle_capture_failure", "line": 592}
{"timestamp": "2025-10-22T00:56:55.302797", "level": "WARNING", "logger": "heimdal.communication.asgard_communicator", "message": "Connection error for POST /api/v1/sensors/register: HTTPSConnectionPool(host='api.asgard.test', port=443): Max retries exceeded with url: /api/v1/sensors/register (Caused by NameResolutionError(\"<urllib3.connection.HTTPSConnection object at 0x10d5c1460>: Failed to resolve 'api.asgard.test' ([Errno 8] nodename nor servname provided, or not known)\"))", "module": "asgard_communicator", "function": "_make_enhanced_request", "line": 468}
{"timestamp": "2025-10-22T00:56:55.303165", "level": "ERROR", "logger": "heimdal.communication.asgard_communicator", "message": "Failed to register sensor c7b982a1-5d3f-4638-8b9f-34424323fcd5 after 5 attempts", "module": "asgard_communicator", "function": "register_sensor", "line": 597}
{"timestamp": "2025-10-22T00:56:55.303275", "level": "WARNING", "logger": "root", "message": "Failed to register with Asgard", "module": "manager", "function": "warning", "line": 318}
{"timestamp": "2025-10-22T00:56:55.303353", "level": "INFO", "logger": "root", "message": "Heimdal monitoring system started successfully", "module": "manager", "function": "info", "line": 313}
{"timestamp": "2025-10-22T00:56:55.303492", "level": "INFO", "logger": "root", "message": "Shutting down Heimdal monitoring system", "module": "manager", "function": "info", "line": 313}
{"timestamp": "2025-10-22T00:56:55.303563", "level": "INFO", "logger": "heimdal.capture.engine", "message": "Initiating graceful shutdown of packet capture...", "module": "engine", "function": "stop_capture", "line": 389}
{"timestamp": "2025-10-22T00:56:55.304256", "level": "INFO", "logger": "root", "message": "Main monitoring loop stopped", "module": "manager", "function": "info", "line": 313}
{"timestamp": "2025-10-22T00:56:58.471226", "level": "INFO", "logger": "heimdal.capture.engine", "message": "Attempting recovery with original interface: lo", "module": "engine", "function": "_handle_capture_failure", "line": 604}
{"timestamp": "2025-10-22T00:56:58.472766", "level": "INFO", "logger": "heimdal.capture.engine", "message": "Successfully recreated sniffer for interface lo", "module": "engine", "function": "_recreate_sniffer", "line": 654}
{"timestamp": "2025-10-22T00:56:58.473001", "level": "INFO", "logger": "heimdal.capture.engine", "message": "Capture Performance Metrics: Packets/sec: 0.00, Total captured: 0, Dropped: 0, Buffer utilization: 0.0%, Errors: 20, Bytes captured: 0", "module": "engine", "function": "_log_performance_metrics", "line": 789}
{"timestamp": "2025-10-22T00:56:58.473183", "level": "WARNING", "logger": "heimdal.capture.engine", "message": "Capture errors detected: 20", "module": "engine", "function": "_log_performance_metrics", "line": 815}
{"timestamp": "2025-10-22T00:56:58.473273", "level": "INFO", "logger": "heimdal.capture.engine", "message": "Packet capture stopped gracefully. Final statistics: Captured: 0 packets, Dropped: 0, Errors: 20, Duration: 119.51s, Avg rate: 0.00 pps, Buffer remaining: 0 packets", "module": "engine", "function": "stop_capture", "line": 419}
{"timestamp": "2025-10-22T00:56:58.972254", "level": "INFO", "logger": "root", "message": "Heimdal monitoring system stopped", "module": "manager", "function": "info", "line": 313}
{"timestamp": "2025-10-22T00:58:05.838838", "level": "INFO", "logger": "root", "message": "Heimdal monitoring system starting up", "module": "manager", "function": "info", "line": 313}
{"timestamp": "2025-10-22T00:58:05.839157", "level": "INFO", "logger": "heimdal.baseline.manager", "message": "Loaded 1 device baselines", "module": "manager", "function": "load_baselines", "line": 120}
{"timestamp": "2025-10-22T00:58:05.839642", "level": "INFO", "logger": "heimdal.communication.asgard_communicator", "message": "Started enhanced offline queue worker thread", "module": "asgard_communicator", "function": "_start_enhanced_queue_worker", "line": 258}
{"timestamp": "2025-10-22T00:58:05.840443", "level": "INFO", "logger": "heimdal.capture.engine", "message": "Interface fallback list: ['lo']", "module": "engine", "function": "_setup_interface_fallbacks", "line": 182}
{"timestamp": "2025-10-22T00:58:05.947562", "level": "WARNING", "logger": "heimdal.capture.engine", "message": "Packet capture ended unexpectedly, attempting recovery", "module": "engine", "function": "_run_capture_with_recovery", "line": 548}
{"timestamp": "2025-10-22T00:58:05.947644", "level": "INFO", "logger": "heimdal.capture.engine", "message": "Started packet capture on interface lo", "module": "engine", "function": "_attempt_capture_start", "line": 321}
{"timestamp": "2025-10-22T00:58:05.947773", "level": "INFO", "logger": "heimdal.capture.engine", "message": "Attempting automatic recovery (attempt 1/5)", "module": "engine", "function": "_handle_capture_failure", "line": 592}
{"timestamp": "2025-10-22T00:58:05.947964", "level": "INFO", "logger": "root", "message": "Starting main monitoring loop", "module": "manager", "function": "info", "line": 313}
{"timestamp": "2025-10-22T00:58:05.948096", "level": "WARNING", "logger": "root", "message": "Packet capture errors detected: 1", "module": "manager", "function": "warning", "line": 318}
{"timestamp": "2025-10-22T00:58:05.948166", "level": "INFO", "logger": "heimdal.communication.asgard_communicator", "message": "Registering sensor 9666b676-02cf-413e-934b-f3d227899733 with Asgard", "module": "asgard_communicator", "function": "register_sensor", "line": 572}
{"timestamp": "2025-10-22T00:58:05.948268", "level": "WARNING", "logger": "root", "message": "Asgard connection state: disconnected", "module": "manager", "function": "warning", "line": 318}
{"timestamp": "2025-10-22T00:58:05.961294", "level": "WARNING", "logger": "heimdal.communication.asgard_communicator", "message": "Connection error for POST /api/v1/sensors/register: HTTPSConnectionPool(host='api.asgard.test', port=443): Max retries exceeded with url: /api/v1/sensors/register (Caused by NameResolutionError(\"<urllib3.connection.HTTPSConnection object at 0x10dad83b0>: Failed to resolve 'api.asgard.test' ([Errno 8] nodename nor servname provided, or not known)\"))", "module": "asgard_communicator", "function": "_make_enhanced_request", "line": 468}
{"timestamp": "2025-10-22T00:58:06.979817", "level": "WARNING", "logger": "heimdal.communication.asgard_communicator", "message": "Connection error for POST /api/v1/sensors/register: HTTPSConnectionPool(host='api.asgard.test', port=443): Max retries exceeded with url: /api/v1/sensors/register (Caused by NameResolutionError(\"<urllib3.connection.HTTPSConnection object at 0x10dad8f20>: Failed to resolve 'api.asgard.test' ([Errno 8] nodename nor servname provided, or not known)\"))", "module": "asgard_communicator", "function": "_make_enhanced_request", "line": 468}
{"timestamp": "2025-10-22T00:58:09.041920", "level": "WARNING", "logger": "heimdal.communication.asgard_communicator", "message": "Connection error for POST /api/v1/sensors/register: HTTPSConnectionPool(host='api.asgard.test', port=443): Max retries exceeded with url: /api/v1/sensors/register (Caused by NameResolutionError(\"<urllib3.connection.HTTPSConnection object at 0x10dad9220>: Failed to resolve 'api.asgard.test' ([Errno 8] nodename nor servname provided, or not known)\"))", "module": "asgard_communicator", "function": "_make_enhanced_request", "line": 468}
{"timestamp": "2025-10-22T00:58:10.954841", "level": "INFO", "logger": "heimdal.capture.engine", "message": "Attempting recovery with original interface: lo", "module": "engine", "function": "_handle_capture_failure", "line": 604}
{"timestamp": "2025-10-22T00:58:10.957312", "level": "INFO", "logger": "heimdal.capture.engine", "message": "Successfully recreated sniffer for interface lo", "module": "engine", "function": "_recreate_sniffer", "line": 654}
{"timestamp": "2025-10-22T00:58:11.962324", "level": "WARNING", "logger": "heimdal.capture.engine", "message": "Packet capture ended unexpectedly, attempting recovery", "module": "engine", "function": "_run_capture_with_recovery", "line": 548}
{"timestamp": "2025-10-22T00:58:11.962565", "level": "INFO", "logger": "heimdal.capture.engine", "message": "Attempting automatic recovery (attempt 1/5)", "module": "engine", "function": "_handle_capture_failure", "line": 592}
{"timestamp": "2025-10-22T00:58:13.108952", "level": "WARNING", "logger": "heimdal.communication.asgard_communicator", "message": "Connection error for POST /api/v1/sensors/register: HTTPSConnectionPool(host='api.asgard.test', port=443): Max retries exceeded with url: /api/v1/sensors/register (Caused by NameResolutionError(\"<urllib3.connection.HTTPSConnection object at 0x10dad8dd0>: Failed to resolve 'api.asgard.test' ([Errno 8] nodename nor servname provided, or not known)\"))", "module": "asgard_communicator", "function": "_make_enhanced_request", "line": 468}
{"timestamp": "2025-10-22T00:58:13.109193", "level": "WARNING", "logger": "heimdal.communication.asgard_communicator", "message": "Registration attempt 1 failed, retrying in 5.32s", "module": "asgard_communicator", "function": "register_sensor", "line": 594}
{"timestamp": "2025-10-22T00:58:16.968516", "level": "INFO", "logger": "heimdal.capture.engine", "message": "Attempting recovery with original interface: lo", "module": "engine", "function": "_handle_capture_failure", "line": 604}
{"timestamp": "2025-10-22T00:58:16.969463", "level": "INFO", "logger": "heimdal.capture.engine", "message": "Successfully recreated sniffer for interface lo", "module": "engine", "function": "_recreate_sniffer", "line": 654}
{"timestamp": "2025-10-22T00:58:17.971244", "level": "WARNING", "logger": "heimdal.capture.engine", "message": "Packet capture ended unexpectedly, attempting recovery", "module": "engine", "function": "_run_capture_with_recovery", "line": 548}
{"timestamp": "2025-10-22T00:58:17.971451", "level": "INFO", "logger": "heimdal.capture.engine", "message": "Attempting automatic recovery (attempt 1/5)", "module": "engine", "function": "_handle_capture_failure", "line": 592}
{"timestamp": "2025-10-22T00:58:18.436866", "level": "WARNING", "logger": "heimdal.communication.asgard_communicator", "message": "Connection error for POST /api/v1/sensors/register: HTTPSConnectionPool(host='api.asgard.test', port=443): Max retries exceeded with url: /api/v1/sensors/register (Caused by NameResolutionError(\"<urllib3.connection.HTTPSConnection object at 0x10dad9460>: Failed to resolve 'api.asgard.test' ([Errno 8] nodename nor servname provided, or not known)\"))", "module": "asgard_communicator", "function": "_make_enhanced_request", "line": 468}
{"timestamp": "2025-10-22T00:58:19.511068", "level": "WARNING", "logger": "heimdal.communication.asgard_communicator", "message": "Connection error for POST /api/v1/sensors/register: HTTPSConnectionPool(host='api.asgard.test', port=443): Max retries exceeded with url: /api/v1/sensors/register (Caused by NameResolutionError(\"<urllib3.connection.HTTPSConnection object at 0x10dad9760>: Failed to resolve 'api.asgard.test' ([Errno 8] nodename nor servname provided, or not known)\"))", "module": "asgard_communicator", "function": "_make_enhanced_request", "line": 468}
{"timestamp": "2025-10-22T00:58:21.615778", "level": "WARNING", "logger": "heimdal.communication.asgard_communicator", "message": "Connection error for POST /api/v1/sensors/register: HTTPSConnectionPool(host='api.asgard.test', port=443): Max retries exceeded with url: /api/v1/sensors/register (Caused by NameResolutionError(\"<urllib3.connection.HTTPSConnection object at 0x10dad9a60>: Failed to resolve 'api.asgard.test' ([Errno 8] nodename nor servname provided, or not known)\"))", "module": "asgard_communicator", "function": "_make_enhanced_request", "line": 468}
{"timestamp": "2025-10-22T00:58:22.975496", "level": "INFO", "logger": "heimdal.capture.engine", "message": "Attempting recovery with original interface: lo", "module": "engine", "function": "_handle_capture_failure", "line": 604}
{"timestamp": "2025-10-22T00:58:22.976547", "level": "INFO", "logger": "heimdal.capture.engine", "message": "Successfully recreated sniffer for interface lo", "module": "engine", "function": "_recreate_sniffer", "line": 654}
{"timestamp": "2025-10-22T00:58:23.981901", "level": "WARNING", "logger": "heimdal.capture.engine", "message": "Packet capture ended unexpectedly, attempting recovery", "module": "engine", "function": "_run_capture_with_recovery", "line": 548}
{"timestamp": "2025-10-22T00:58:23.982230", "level": "INFO", "logger": "heimdal.capture.engine", "message": "Attempting automatic recovery (attempt 1/5)", "module": "engine", "function": "_handle_capture_failure", "line": 592}
{"timestamp": "2025-10-22T00:58:26.000741", "level": "WARNING", "logger": "heimdal.communication.asgard_communicator", "message": "Connection error for POST /api/v1/sensors/register: HTTPSConnectionPool(host='api.asgard.test', port=443): Max retries exceeded with url: /api/v1/sensors/register (Caused by NameResolutionError(\"<urllib3.connection.HTTPSConnection object at 0x10dada060>: Failed to resolve 'api.asgard.test' ([Errno 8] nodename nor servname provided, or not known)\"))", "module": "asgard_communicator", "function": "_make_enhanced_request", "line": 468}
{"timestamp": "2025-10-22T00:58:26.000956", "level": "WARNING", "logger": "heimdal.communication.asgard_communicator", "message": "Registration attempt 2 failed, retrying in 10.68s", "module": "asgard_communicator", "function": "register_sensor", "line": 594}
{"timestamp": "2025-10-22T00:58:28.988618", "level": "INFO", "logger": "heimdal.capture.engine", "message": "Attempting recovery with original interface: lo", "module": "engine", "function": "_handle_capture_failure", "line": 604}
{"timestamp": "2025-10-22T00:58:28.989695", "level": "INFO", "logger": "heimdal.capture.engine", "message": "Successfully recreated sniffer for interface lo", "module": "engine", "function": "_recreate_sniffer", "line": 654}
{"timestamp": "2025-10-22T00:58:29.994893", "level": "WARNING", "logger": "heimdal.capture.engine", "message": "Packet capture ended unexpectedly, attempting recovery", "module": "engine", "function": "_run_capture_with_recovery", "line": 548}
{"timestamp": "2025-10-22T00:58:29.995177", "level": "INFO", "logger": "heimdal.capture.engine", "message": "Attempting automatic recovery (attempt 1/5)", "module": "engine", "function": "_handle_capture_failure", "line": 592}
{"timestamp": "2025-10-22T00:58:35.000581", "level": "INFO", "logger": "heimdal.capture.engine", "message": "Attempting recovery with original interface: lo", "module": "engine", "function": "_handle_capture_failure", "line": 604}
{"timestamp": "2025-10-22T00:58:35.001558", "level": "INFO", "logger": "heimdal.capture.engine", "message": "Successfully recreated sniffer for interface lo", "module": "engine", "function": "_recreate_sniffer", "line": 654}
{"timestamp": "2025-10-22T00:58:36.008083", "level": "WARNING", "logger": "heimdal.capture.engine", "message": "Packet capture ended unexpectedly, attempting recovery", "module": "engine", "function": "_run_capture_with_recovery", "line": 548}
{"timestamp": "2025-10-22T00:58:36.008553", "level": "INFO", "logger": "heimdal.capture.engine", "message": "Attempting automatic recovery (attempt 1/5)", "module": "engine", "function": "_handle_capture_failure", "line": 592}
{"timestamp": "2025-10-22T00:58:36.691694", "level": "WARNING", "logger": "heimdal.communication.asgard_communicator", "message": "Connection error for POST /api/v1/sensors/register: HTTPSConnectionPool(host='api.asgard.test', port=443): Max retries exceeded with url: /api/v1/sensors/register (Caused by NameResolutionError(\"<urllib3.connection.HTTPSConnection object at 0x10dada540>: Failed to resolve 'api.asgard.test' ([Errno 8] nodename nor servname provided, or not known)\"))", "module": "asgard_communicator", "function": "_make_enhanced_request", "line": 468}
{"timestamp": "2025-10-22T00:58:37.794428", "level": "WARNING", "logger": "heimdal.communication.asgard_communicator", "message": "Connection error for POST /api/v1/sensors/register: HTTPSConnectionPool(host='api.asgard.test', port=443): Max retries exceeded with url: /api/v1/sensors/register (Caused by NameResolutionError(\"<urllib3.connection.HTTPSConnection object at 0x10dada2d0>: Failed to resolve 'api.asgard.test' ([Errno 8] nodename nor servname provided, or not known)\"))", "module": "asgard_communicator", "function": "_make_enhanced_request", "line": 468}
{"timestamp": "2025-10-22T00:58:39.866609", "level": "WARNING", "logger": "heimdal.communication.asgard_communicator", "message": "Connection error for POST /api/v1/sensors/register: HTTPSConnectionPool(host='api.asgard.test', port=443): Max retries exceeded with url: /api/v1/sensors/register (Caused by NameResolutionError(\"<urllib3.connection.HTTPSConnection object at 0x10dad9e80>: Failed to resolve 'api.asgard.test' ([Errno 8] nodename nor servname provided, or not known)\"))", "module": "asgard_communicator", "function": "_make_enhanced_request", "line": 468}
{"timestamp": "2025-10-22T00:58:41.121704", "level": "INFO", "logger": "heimdal.capture.engine", "message": "Attempting recovery with original interface: lo", "module": "engine", "function": "_handle_capture_failure", "line": 604}
{"timestamp": "2025-10-22T00:58:41.122934", "level": "INFO", "logger": "heimdal.capture.engine", "message": "Successfully recreated sniffer for interface lo", "module": "engine", "function": "_recreate_sniffer", "line": 654}
{"timestamp": "2025-10-22T00:58:42.128213", "level": "WARNING", "logger": "heimdal.capture.engine", "message": "Packet capture ended unexpectedly, attempting recovery", "module": "engine", "function": "_run_capture_with_recovery", "line": 548}
{"timestamp": "2025-10-22T00:58:42.128558", "level": "INFO", "logger": "heimdal.capture.engine", "message": "Attempting automatic recovery (attempt 1/5)", "module": "engine", "function": "_handle_capture_failure", "line": 592}
{"timestamp": "2025-10-22T00:58:44.208539", "level": "WARNING", "logger": "heimdal.communication.asgard_communicator", "message": "Connection error for POST /api/v1/sensors/register: HTTPSConnectionPool(host='api.asgard.test', port=443): Max retries exceeded with url: /api/v1/sensors/register (Caused by NameResolutionError(\"<urllib3.connection.HTTPSConnection object at 0x10dad9bb0>: Failed to resolve 'api.asgard.test' ([Errno 8] nodename nor servname provided, or not known)\"))", "module": "asgard_communicator", "function": "_make_enhanced_request", "line": 468}
{"timestamp": "2025-10-22T00:58:44.208808", "level": "WARNING", "logger": "heimdal.communication.asgard_communicator", "message": "Registration attempt 3 failed, retrying in 21.86s", "module": "asgard_communicator", "function": "register_sensor", "line": 594}
{"timestamp": "2025-10-22T00:58:47.134956", "level": "INFO", "logger": "heimdal.capture.engine", "message": "Attempting recovery with original interface: lo", "module": "engine", "function": "_handle_capture_failure", "line": 604}
{"timestamp": "2025-10-22T00:58:47.136148", "level": "INFO", "logger": "heimdal.capture.engine", "message": "Successfully recreated sniffer for interface lo", "module": "engine", "function": "_recreate_sniffer", "line": 654}
{"timestamp": "2025-10-22T00:58:48.140675", "level": "WARNING", "logger": "heimdal.capture.engine", "message": "Packet capture ended unexpectedly, attempting recovery", "module": "engine", "function": "_run_capture_with_recovery", "line": 548}
{"timestamp": "2025-10-22T00:58:48.141084", "level": "INFO", "logger": "heimdal.capture.engine", "message": "Attempting automatic recovery (attempt 1/5)", "module": "engine", "function": "_handle_capture_failure", "line": 592}
{"timestamp": "2025-10-22T00:58:53.147752", "level": "INFO", "logger": "heimdal.capture.engine", "message": "Attempting recovery with original interface: lo", "module": "engine", "function": "_handle_capture_failure", "line": 604}
{"timestamp": "2025-10-22T00:58:53.148974", "level": "INFO", "logger": "heimdal.capture.engine", "message": "Successfully recreated sniffer for interface lo", "module": "engine", "function": "_recreate_sniffer", "line": 654}
{"timestamp": "2025-10-22T00:58:54.154293", "level": "WARNING", "logger": "heimdal.capture.engine", "message": "Packet capture ended unexpectedly, attempting recovery", "module": "engine", "function": "_run_capture_with_recovery", "line": 548}
{"timestamp": "2025-10-22T00:58:54.154802", "level": "INFO", "logger": "heimdal.capture.engine", "message": "Attempting automatic recovery (attempt 1/5)", "module": "engine", "function": "_handle_capture_failure", "line": 592}
{"timestamp": "2025-10-22T00:58:59.159753", "level": "INFO", "logger": "heimdal.capture.engine", "message": "Attempting recovery with original interface: lo", "module": "engine", "function": "_handle_capture_failure", "line": 604}
{"timestamp": "2025-10-22T00:58:59.160909", "level": "INFO", "logger": "heimdal.capture.engine", "message": "Successfully recreated sniffer for interface lo", "module": "engine", "function": "_recreate_sniffer", "line": 654}
{"timestamp": "2025-10-22T00:59:00.161806", "level": "WARNING", "logger": "heimdal.capture.engine", "message": "Packet capture ended unexpectedly, attempting recovery", "module": "engine", "function": "_run_capture_with_recovery", "line": 548}
{"timestamp": "2025-10-22T00:59:00.162337", "level": "INFO", "logger": "heimdal.capture.engine", "message": "Attempting automatic recovery (attempt 1/5)", "module": "engine", "function": "_handle_capture_failure", "line": 592}
{"timestamp": "2025-10-22T00:59:05.165275", "level": "INFO", "logger": "heimdal.capture.engine", "message": "Attempting recovery with original interface: lo", "module": "engine", "function": "_handle_capture_failure", "line": 604}
{"timestamp": "2025-10-22T00:59:05.166412", "level": "INFO", "logger": "heimdal.capture.engine", "message": "Successfully recreated sniffer for interface lo", "module": "engine", "function": "_recreate_sniffer", "line": 654}
{"timestamp": "2025-10-22T00:59:05.951162", "level": "WARNING", "logger": "root", "message": "Packet capture errors detected: 10", "module": "manager", "function": "warning", "line": 318}
{"timestamp": "2025-10-22T00:59:05.951386", "level": "WARNING", "logger": "root", "message": "Asgard connection state: error", "module": "manager", "function": "warning", "line": 318}
{"timestamp": "2025-10-22T00:59:06.077648", "level": "WARNING", "logger": "heimdal.communication.asgard_communicator", "message": "Connection error for POST /api/v1/sensors/register: HTTPSConnectionPool(host='api.asgard.test', port=443): Max retries exceeded with url: /api/v1/sensors/register (Caused by NameResolutionError(\"<urllib3.connection.HTTPSConnection object at 0x10dad9070>: Failed to resolve 'api.asgard.test' ([Errno 8] nodename nor servname provided, or not known)\"))", "module": "asgard_communicator", "function": "_make_enhanced_request", "line": 468}
{"timestamp": "2025-10-22T00:59:06.167677", "level": "WARNING", "logger": "heimdal.capture.engine", "message": "Packet capture ended unexpectedly, attempting recovery", "module": "engine", "function": "_run_capture_with_recovery", "line": 548}
{"timestamp": "2025-10-22T00:59:06.167877", "level": "INFO", "logger": "heimdal.capture.engine", "message": "Attempting automatic recovery (attempt 1/5)", "module": "engine", "function": "_handle_capture_failure", "line": 592}
{"timestamp": "2025-10-22T00:59:07.106516", "level": "WARNING", "logger": "heimdal.communication.asgard_communicator", "message": "Connection error for POST /api/v1/sensors/register: HTTPSConnectionPool(host='api.asgard.test', port=443): Max retries exceeded with url: /api/v1/sensors/register (Caused by NameResolutionError(\"<urllib3.connection.HTTPSConnection object at 0x10dadaa20>: Failed to resolve 'api.asgard.test' ([Errno 8] nodename nor servname provided, or not known)\"))", "module": "asgard_communicator", "function": "_make_enhanced_request", "line": 468}
{"timestamp": "2025-10-22T00:59:09.190155", "level": "WARNING", "logger": "heimdal.communication.asgard_communicator", "message": "Connection error for POST /api/v1/sensors/register: HTTPSConnectionPool(host='api.asgard.test', port=443): Max retries exceeded with url: /api/v1/sensors/register (Caused by NameResolutionError(\"<urllib3.connection.HTTPSConnection object at 0x10dadade0>: Failed to resolve 'api.asgard.test' ([Errno 8] nodename nor servname provided, or not known)\"))", "module": "asgard_communicator", "function": "_make_enhanced_request", "line": 468}
{"timestamp": "2025-10-22T00:59:11.282328", "level": "INFO", "logger": "heimdal.capture.engine", "message": "Attempting recovery with original interface: lo", "module": "engine", "function": "_handle_capture_failure", "line": 604}
{"timestamp": "2025-10-22T00:59:11.283087", "level": "INFO", "logger": "heimdal.capture.engine", "message": "Successfully recreated sniffer for interface lo", "module": "engine", "function": "_recreate_sniffer", "line": 654}
{"timestamp": "2025-10-22T00:59:12.284338", "level": "WARNING", "logger": "heimdal.capture.engine", "message": "Packet capture ended unexpectedly, attempting recovery", "module": "engine", "function": "_run_capture_with_recovery", "line": 548}
{"timestamp": "2025-10-22T00:59:12.284570", "level": "INFO", "logger": "heimdal.capture.engine", "message": "Attempting automatic recovery (attempt 1/5)", "module": "engine", "function": "_handle_capture_failure", "line": 592}
{"timestamp": "2025-10-22T00:59:13.502255", "level": "WARNING", "logger": "heimdal.communication.asgard_communicator", "message": "Connection error for POST /api/v1/sensors/register: HTTPSConnectionPool(host='api.asgard.test', port=443): Max retries exceeded with url: /api/v1/sensors/register (Caused by NameResolutionError(\"<urllib3.connection.HTTPSConnection object at 0x10dadb290>: Failed to resolve 'api.asgard.test' ([Errno 8] nodename nor servname provided, or not known)\"))", "module": "asgard_communicator", "function": "_make_enhanced_request", "line": 468}
{"timestamp": "2025-10-22T00:59:13.502472", "level": "WARNING", "logger": "heimdal.communication.asgard_communicator", "message": "Registration attempt 4 failed, retrying in 40.72s", "module": "asgard_communicator", "function": "register_sensor", "line": 594}
{"timestamp": "2025-10-22T00:59:17.288949", "level": "INFO", "logger": "heimdal.capture.engine", "message": "Attempting recovery with original interface: lo", "module": "engine", "function": "_handle_capture_failure", "line": 604}
{"timestamp": "2025-10-22T00:59:17.290642", "level": "INFO", "logger": "heimdal.capture.engine", "message": "Successfully recreated sniffer for interface lo", "module": "engine", "function": "_recreate_sniffer", "line": 654}
{"timestamp": "2025-10-22T00:59:18.292013", "level": "WARNING", "logger": "heimdal.capture.engine", "message": "Packet capture ended unexpectedly, attempting recovery", "module": "engine", "function": "_run_capture_with_recovery", "line": 548}
{"timestamp": "2025-10-22T00:59:18.292158", "level": "INFO", "logger": "heimdal.capture.engine", "message": "Attempting automatic recovery (attempt 1/5)", "module": "engine", "function": "_handle_capture_failure", "line": 592}
{"timestamp": "2025-10-22T00:59:23.296481", "level": "INFO", "logger": "heimdal.capture.engine", "message": "Attempting recovery with original interface: lo", "module": "engine", "function": "_handle_capture_failure", "line": 604}
{"timestamp": "2025-10-22T00:59:23.297435", "level": "INFO", "logger": "heimdal.capture.engine", "message": "Successfully recreated sniffer for interface lo", "module": "engine", "function": "_recreate_sniffer", "line": 654}
{"timestamp": "2025-10-22T00:59:24.298742", "level": "WARNING", "logger": "heimdal.capture.engine", "message": "Packet capture ended unexpectedly, attempting recovery", "module": "engine", "function": "_run_capture_with_recovery", "line": 548}
{"timestamp": "2025-10-22T00:59:24.299072", "level": "INFO", "logger": "heimdal.capture.engine", "message": "Attempting automatic recovery (attempt 1/5)", "module": "engine", "function": "_handle_capture_failure", "line": 592}
{"timestamp": "2025-10-22T00:59:29.305806", "level": "INFO", "logger": "heimdal.capture.engine", "message": "Attempting recovery with original interface: lo", "module": "engine", "function": "_handle_capture_failure", "line": 604}
{"timestamp": "2025-10-22T00:59:29.307281", "level": "INFO", "logger": "heimdal.capture.engine", "message": "Successfully recreated sniffer for interface lo", "module": "engine", "function": "_recreate_sniffer", "line": 654}
{"timestamp": "2025-10-22T00:59:30.311249", "level": "WARNING", "logger": "heimdal.capture.engine", "message": "Packet capture ended unexpectedly, attempting recovery", "module": "engine", "function": "_run_capture_with_recovery", "line": 548}
{"timestamp": "2025-10-22T00:59:30.311443", "level": "INFO", "logger": "heimdal.capture.engine", "message": "Attempting automatic recovery (attempt 1/5)", "module": "engine", "function": "_handle_capture_failure", "line": 592}
{"timestamp": "2025-10-22T00:59:35.314982", "level": "INFO", "logger": "heimdal.capture.engine", "message": "Attempting recovery with original interface: lo", "module": "engine", "function": "_handle_capture_failure", "line": 604}
{"timestamp": "2025-10-22T00:59:35.316643", "level": "INFO", "logger": "heimdal.capture.engine", "message": "Successfully recreated sniffer for interface lo", "module": "engine", "function": "_recreate_sniffer", "line": 654}
{"timestamp": "2025-10-22T00:59:36.321886", "level": "WARNING", "logger": "heimdal.capture.engine", "message": "Packet capture ended unexpectedly, attempting recovery", "module": "engine", "function": "_run_capture_with_recovery", "line": 548}
{"timestamp": "2025-10-22T00:59:36.322121", "level": "INFO", "logger": "heimdal.capture.engine", "message": "Attempting automatic recovery (attempt 1/5)", "module": "engine", "function": "_handle_capture_failure", "line": 592}
{"timestamp": "2025-10-22T00:59:41.428568", "level": "INFO", "logger": "heimdal.capture.engine", "message": "Attempting recovery with original interface: lo", "module": "engine", "function": "_handle_capture_failure", "line": 604}
{"timestamp": "2025-10-22T00:59:41.429706", "level": "INFO", "logger": "heimdal.capture.engine", "message": "Successfully recreated sniffer for interface lo", "module": "engine", "function": "_recreate_sniffer", "line": 654}
{"timestamp": "2025-10-22T00:59:42.430910", "level": "WARNING", "logger": "heimdal.capture.engine", "message": "Packet capture ended unexpectedly, attempting recovery", "module": "engine", "function": "_run_capture_with_recovery", "line": 548}
{"timestamp": "2025-10-22T00:59:42.431222", "level": "INFO", "logger": "heimdal.capture.engine", "message": "Attempting automatic recovery (attempt 1/5)", "module": "engine", "function": "_handle_capture_failure", "line": 592}
{"timestamp": "2025-10-22T00:59:47.437831", "level": "INFO", "logger": "heimdal.capture.engine", "message": "Attempting recovery with original interface: lo", "module": "engine", "function": "_handle_capture_failure", "line": 604}
{"timestamp": "2025-10-22T00:59:47.439000", "level": "INFO", "logger": "heimdal.capture.engine", "message": "Successfully recreated sniffer for interface lo", "module": "engine", "function": "_recreate_sniffer", "line": 654}
{"timestamp": "2025-10-22T00:59:48.442326", "level": "WARNING", "logger": "heimdal.capture.engine", "message": "Packet capture ended unexpectedly, attempting recovery", "module": "engine", "function": "_run_capture_with_recovery", "line": 548}
{"timestamp": "2025-10-22T00:59:48.442618", "level": "INFO", "logger": "heimdal.capture.engine", "message": "Attempting automatic recovery (attempt 1/5)", "module": "engine", "function": "_handle_capture_failure", "line": 592}
{"timestamp": "2025-10-22T00:59:53.445689", "level": "INFO", "logger": "heimdal.capture.engine", "message": "Attempting recovery with original interface: lo", "module": "engine", "function": "_handle_capture_failure", "line": 604}
{"timestamp": "2025-10-22T00:59:53.446812", "level": "INFO", "logger": "heimdal.capture.engine", "message": "Successfully recreated sniffer for interface lo", "module": "engine", "function": "_recreate_sniffer", "line": 654}
{"timestamp": "2025-10-22T00:59:54.234920", "level": "WARNING", "logger": "heimdal.communication.asgard_communicator", "message": "Connection error for POST /api/v1/sensors/register: HTTPSConnectionPool(host='api.asgard.test', port=443): Max retries exceeded with url: /api/v1/sensors/register (Caused by NameResolutionError(\"<urllib3.connection.HTTPSConnection object at 0x10dad96a0>: Failed to resolve 'api.asgard.test' ([Errno 8] nodename nor servname provided, or not known)\"))", "module": "asgard_communicator", "function": "_make_enhanced_request", "line": 468}
{"timestamp": "2025-10-22T00:59:54.452180", "level": "WARNING", "logger": "heimdal.capture.engine", "message": "Packet capture ended unexpectedly, attempting recovery", "module": "engine", "function": "_run_capture_with_recovery", "line": 548}
{"timestamp": "2025-10-22T00:59:54.452509", "level": "INFO", "logger": "heimdal.capture.engine", "message": "Attempting automatic recovery (attempt 1/5)", "module": "engine", "function": "_handle_capture_failure", "line": 592}
{"timestamp": "2025-10-22T00:59:55.270852", "level": "WARNING", "logger": "heimdal.communication.asgard_communicator", "message": "Connection error for POST /api/v1/sensors/register: HTTPSConnectionPool(host='api.asgard.test', port=443): Max retries exceeded with url: /api/v1/sensors/register (Caused by NameResolutionError(\"<urllib3.connection.HTTPSConnection object at 0x10dad9670>: Failed to resolve 'api.asgard.test' ([Errno 8] nodename nor servname provided, or not known)\"))", "module": "asgard_communicator", "function": "_make_enhanced_request", "line": 468}
{"timestamp": "2025-10-22T00:59:57.351178", "level": "WARNING", "logger": "heimdal.communication.asgard_communicator", "message": "Connection error for POST /api/v1/sensors/register: HTTPSConnectionPool(host='api.asgard.test', port=443): Max retries exceeded with url: /api/v1/sensors/register (Caused by NameResolutionError(\"<urllib3.connection.HTTPSConnection object at 0x10dad9e20>: Failed to resolve 'api.asgard.test' ([Errno 8] nodename nor servname provided, or not known)\"))", "module": "asgard_communicator", "function": "_make_enhanced_request", "line": 468}
{"timestamp": "2025-10-22T00:59:59.458734", "level": "INFO", "logger": "heimdal.capture.engine", "message": "Attempting recovery with original interface: lo", "module": "engine", "function": "_handle_capture_failure", "line": 604}
{"timestamp": "2025-10-22T00:59:59.459725", "level": "INFO", "logger": "heimdal.capture.engine", "message": "Successfully recreated sniffer for interface lo", "module": "engine", "function": "_recreate_sniffer", "line": 654}
{"timestamp": "2025-10-22T01:00:00.464338", "level": "WARNING", "logger": "heimdal.capture.engine", "message": "Packet capture ended unexpectedly, attempting recovery", "module": "engine", "function": "_run_capture_with_recovery", "line": 548}
{"timestamp": "2025-10-22T01:00:00.464600", "level": "INFO", "logger": "heimdal.capture.engine", "message": "Attempting automatic recovery (attempt 1/5)", "module": "engine", "function": "_handle_capture_failure", "line": 592}
{"timestamp": "2025-10-22T01:00:01.448378", "level": "WARNING", "logger": "heimdal.communication.asgard_communicator", "message": "Connection error for POST /api/v1/sensors/register: HTTPSConnectionPool(host='api.asgard.test', port=443): Max retries exceeded with url: /api/v1/sensors/register (Caused by NameResolutionError(\"<urllib3.connection.HTTPSConnection object at 0x10dada3f0>: Failed to resolve 'api.asgard.test' ([Errno 8] nodename nor servname provided, or not known)\"))", "module": "asgard_communicator", "function": "_make_enhanced_request", "line": 468}
{"timestamp": "2025-10-22T01:00:01.448626", "level": "ERROR", "logger": "heimdal.communication.asgard_communicator", "message": "Failed to register sensor 9666b676-02cf-413e-934b-f3d227899733 after 5 attempts", "module": "asgard_communicator", "function": "register_sensor", "line": 597}
{"timestamp": "2025-10-22T01:00:01.448743", "level": "WARNING", "logger": "root", "message": "Failed to register with Asgard", "module": "manager", "function": "warning", "line": 318}
{"timestamp": "2025-10-22T01:00:01.448803", "level": "INFO", "logger": "root", "message": "Heimdal monitoring system started successfully", "module": "manager", "function": "info", "line": 313}
{"timestamp": "2025-10-22T01:00:03.449407", "level": "INFO", "logger": "root", "message": "Shutting down Heimdal monitoring system", "module": "manager", "function": "info", "line": 313}
{"timestamp": "2025-10-22T01:00:03.449675", "level": "INFO", "logger": "heimdal.capture.engine", "message": "Initiating graceful shutdown of packet capture...", "module": "engine", "function": "stop_capture", "line": 389}
{"timestamp": "2025-10-22T01:00:03.450342", "level": "INFO", "logger": "root", "message": "Main monitoring loop stopped", "module": "manager", "function": "info", "line": 313}
{"timestamp": "2025-10-22T01:00:05.471349", "level": "INFO", "logger": "heimdal.capture.engine", "message": "Attempting recovery with original interface: lo", "module": "engine", "function": "_handle_capture_failure", "line": 604}
{"timestamp": "2025-10-22T01:00:05.472624", "level": "INFO", "logger": "heimdal.capture.engine", "message": "Successfully recreated sniffer for interface lo", "module": "engine", "function": "_recreate_sniffer", "line": 654}
{"timestamp": "2025-10-22T01:00:05.472849", "level": "INFO", "logger": "heimdal.capture.engine", "message": "Capture Performance Metrics: Packets/sec: 0.00, Total captured: 0, Dropped: 0, Buffer utilization: 0.0%, Errors: 20, Bytes captured: 0", "module": "engine", "function": "_log_performance_metrics", "line": 789}
{"timestamp": "2025-10-22T01:00:05.472959", "level": "WARNING", "logger": "heimdal.capture.engine", "message": "Capture errors detected: 20", "module": "engine", "function": "_log_performance_metrics", "line": 815}
{"timestamp": "2025-10-22T01:00:05.473032", "level": "INFO", "logger": "heimdal.capture.engine", "message": "Packet capture stopped gracefully. Final statistics: Captured: 0 packets, Dropped: 0, Errors: 20, Duration: 119.53s, Avg rate: 0.00 pps, Buffer remaining: 0 packets", "module": "engine", "function": "stop_capture", "line": 419}
{"timestamp": "2025-10-22T01:00:05.955781", "level": "INFO", "logger": "root", "message": "Heimdal monitoring system stopped", "module": "manager", "function": "info", "line": 313}
